(70)-Nome: PDF
(1)-Nome: Caribe
(12)-Nome: Knight of Ni
(8)-Nome: Genivaldo
(99)-Nome: Florzinha
(72)-Nome: Genivaldo
(5)-Nome: Caribe
(15)-Nome: Vinicus
(20)-Nome: Tatiane
(91)-Nome: Jose
(14)-Nome: Tadeu
(61)-Nome: Ivanderlei
(66)-Nome: Aline
(41)-Nome: Luciana
(81)-Nome: Florzinha
(88)-Nome: Caribe
(16)-Nome: Flavio
(21)-Nome: Maicon
(34)-Nome: Ana Luiza
(90)-Nome: Caribe

(70)-Nome: PDF
(1)-Nome: Caribe
(12)-Nome: Knight of Ni
(8)-Nome: Genivaldo
(72)-Nome: Genivaldo
(5)-Nome: Caribe
(15)-Nome: Vinicus
(20)-Nome: Tatiane
(14)-Nome: Tadeu
(61)-Nome: Ivanderlei
(66)-Nome: Aline
(41)-Nome: Luciana
(81)-Nome: Florzinha
(88)-Nome: Caribe
(16)-Nome: Flavio
(21)-Nome: Maicon
(34)-Nome: Ana Luiza
center : (90)-Nome: Caribe
(99)-Nome: Florzinha
(91)-Nome: Jose


(1)-Nome: Caribe
(12)-Nome: Knight of Ni
(8)-Nome: Genivaldo
(5)-Nome: Caribe
(15)-Nome: Vinicus
(20)-Nome: Tatiane
(14)-Nome: Tadeu
(16)-Nome: Flavio
(21)-Nome: Maicon
center : (34)-Nome: Ana Luiza
(66)-Nome: Aline
(41)-Nome: Luciana
(81)-Nome: Florzinha
(88)-Nome: Caribe
(70)-Nome: PDF
(72)-Nome: Genivaldo
(61)-Nome: Ivanderlei
(90)-Nome: Caribe
(99)-Nome: Florzinha
(91)-Nome: Jose


(1)-Nome: Caribe
(12)-Nome: Knight of Ni
(8)-Nome: Genivaldo
(5)-Nome: Caribe
(15)-Nome: Vinicus
(20)-Nome: Tatiane
(14)-Nome: Tadeu
(16)-Nome: Flavio
center : (21)-Nome: Maicon
(34)-Nome: Ana Luiza
(66)-Nome: Aline
(41)-Nome: Luciana
(81)-Nome: Florzinha
(88)-Nome: Caribe
(70)-Nome: PDF
(72)-Nome: Genivaldo
(61)-Nome: Ivanderlei
(90)-Nome: Caribe
(99)-Nome: Florzinha
(91)-Nome: Jose


(1)-Nome: Caribe
(12)-Nome: Knight of Ni
(8)-Nome: Genivaldo
(5)-Nome: Caribe
(15)-Nome: Vinicus
(14)-Nome: Tadeu
center : (16)-Nome: Flavio
(20)-Nome: Tatiane
(21)-Nome: Maicon
(34)-Nome: Ana Luiza
(66)-Nome: Aline
(41)-Nome: Luciana
(81)-Nome: Florzinha
(88)-Nome: Caribe
(70)-Nome: PDF
(72)-Nome: Genivaldo
(61)-Nome: Ivanderlei
(90)-Nome: Caribe
(99)-Nome: Florzinha
(91)-Nome: Jose


(1)-Nome: Caribe
(12)-Nome: Knight of Ni
(8)-Nome: Genivaldo
(5)-Nome: Caribe
center : (14)-Nome: Tadeu
(15)-Nome: Vinicus
(16)-Nome: Flavio
(20)-Nome: Tatiane
(21)-Nome: Maicon
(34)-Nome: Ana Luiza
(66)-Nome: Aline
(41)-Nome: Luciana
(81)-Nome: Florzinha
(88)-Nome: Caribe
(70)-Nome: PDF
(72)-Nome: Genivaldo
(61)-Nome: Ivanderlei
(90)-Nome: Caribe
(99)-Nome: Florzinha
(91)-Nome: Jose


(1)-Nome: Caribe
center : (5)-Nome: Caribe
(8)-Nome: Genivaldo
(12)-Nome: Knight of Ni
(14)-Nome: Tadeu
(15)-Nome: Vinicus
(16)-Nome: Flavio
(20)-Nome: Tatiane
(21)-Nome: Maicon
(34)-Nome: Ana Luiza
(66)-Nome: Aline
(41)-Nome: Luciana
(81)-Nome: Florzinha
(88)-Nome: Caribe
(70)-Nome: PDF
(72)-Nome: Genivaldo
(61)-Nome: Ivanderlei
(90)-Nome: Caribe
(99)-Nome: Florzinha
(91)-Nome: Jose


(1)-Nome: Caribe
(5)-Nome: Caribe
(8)-Nome: Genivaldo
center : (12)-Nome: Knight of Ni
(14)-Nome: Tadeu
(15)-Nome: Vinicus
(16)-Nome: Flavio
(20)-Nome: Tatiane
(21)-Nome: Maicon
(34)-Nome: Ana Luiza
(66)-Nome: Aline
(41)-Nome: Luciana
(81)-Nome: Florzinha
(88)-Nome: Caribe
(70)-Nome: PDF
(72)-Nome: Genivaldo
(61)-Nome: Ivanderlei
(90)-Nome: Caribe
(99)-Nome: Florzinha
(91)-Nome: Jose


(1)-Nome: Caribe
(5)-Nome: Caribe
(8)-Nome: Genivaldo
(12)-Nome: Knight of Ni
(14)-Nome: Tadeu
(15)-Nome: Vinicus
(16)-Nome: Flavio
(20)-Nome: Tatiane
(21)-Nome: Maicon
(34)-Nome: Ana Luiza
(41)-Nome: Luciana
center : (61)-Nome: Ivanderlei
(81)-Nome: Florzinha
(88)-Nome: Caribe
(70)-Nome: PDF
(72)-Nome: Genivaldo
(66)-Nome: Aline
(90)-Nome: Caribe
(99)-Nome: Florzinha
(91)-Nome: Jose


(1)-Nome: Caribe
(5)-Nome: Caribe
(8)-Nome: Genivaldo
(12)-Nome: Knight of Ni
(14)-Nome: Tadeu
(15)-Nome: Vinicus
(16)-Nome: Flavio
(20)-Nome: Tatiane
(21)-Nome: Maicon
(34)-Nome: Ana Luiza
(41)-Nome: Luciana
(61)-Nome: Ivanderlei
center : (66)-Nome: Aline
(88)-Nome: Caribe
(70)-Nome: PDF
(72)-Nome: Genivaldo
(81)-Nome: Florzinha
(90)-Nome: Caribe
(99)-Nome: Florzinha
(91)-Nome: Jose


(1)-Nome: Caribe
(5)-Nome: Caribe
(8)-Nome: Genivaldo
(12)-Nome: Knight of Ni
(14)-Nome: Tadeu
(15)-Nome: Vinicus
(16)-Nome: Flavio
(20)-Nome: Tatiane
(21)-Nome: Maicon
(34)-Nome: Ana Luiza
(41)-Nome: Luciana
(61)-Nome: Ivanderlei
(66)-Nome: Aline
(70)-Nome: PDF
(72)-Nome: Genivaldo
center : (81)-Nome: Florzinha
(88)-Nome: Caribe
(90)-Nome: Caribe
(99)-Nome: Florzinha
(91)-Nome: Jose


(1)-Nome: Caribe
(5)-Nome: Caribe
(8)-Nome: Genivaldo
(12)-Nome: Knight of Ni
(14)-Nome: Tadeu
(15)-Nome: Vinicus
(16)-Nome: Flavio
(20)-Nome: Tatiane
(21)-Nome: Maicon
(34)-Nome: Ana Luiza
(41)-Nome: Luciana
(61)-Nome: Ivanderlei
(66)-Nome: Aline
(70)-Nome: PDF
center : (72)-Nome: Genivaldo
(81)-Nome: Florzinha
(88)-Nome: Caribe
(90)-Nome: Caribe
(99)-Nome: Florzinha
(91)-Nome: Jose


(1)-Nome: Caribe
(5)-Nome: Caribe
(8)-Nome: Genivaldo
(12)-Nome: Knight of Ni
(14)-Nome: Tadeu
(15)-Nome: Vinicus
(16)-Nome: Flavio
(20)-Nome: Tatiane
(21)-Nome: Maicon
(34)-Nome: Ana Luiza
(41)-Nome: Luciana
(61)-Nome: Ivanderlei
(66)-Nome: Aline
(70)-Nome: PDF
(72)-Nome: Genivaldo
(81)-Nome: Florzinha
(88)-Nome: Caribe
(90)-Nome: Caribe
center : (91)-Nome: Jose
(99)-Nome: Florzinha

(1)-Nome: Caribe
(5)-Nome: Caribe
(8)-Nome: Genivaldo
(12)-Nome: Knight of Ni
(14)-Nome: Tadeu
(15)-Nome: Vinicus
(16)-Nome: Flavio
(20)-Nome: Tatiane
(21)-Nome: Maicon
(34)-Nome: Ana Luiza
(41)-Nome: Luciana
(61)-Nome: Ivanderlei
(66)-Nome: Aline
(70)-Nome: PDF
(72)-Nome: Genivaldo
(81)-Nome: Florzinha
(88)-Nome: Caribe
(90)-Nome: Caribe
(91)-Nome: Jose
(99)-Nome: Florzinha
