581
150
491
801
972
1032
1703
2585
2685
3085
2946
3617
3476
3006
3797
4458
5600
5841
5480
6112
8546
6903
8876
9868
9878
7865
11141
10710
9377
12102
12563
16340
16270
13124
12313
13495
13585
15238
16701
16120
16070
16401
15649
16290
22873
16621
15077
19807
23424
25858
25296
27591
23874
23784
24085
22842
27200
24445
23344
27712
24415
35616
26779
25367
30998
32369
30587
27030
30146
29795
38111
37670
30857
38861
40736
50994
40996
42389
41607
49000
42057
42329
47198
37940
37109
44121
53529
59430
53308
66894
70470
71943
99514
82412
86440
86731
76561
119281
70000
104713
78315
126834
85949
91169
84336
103361
94535
94114
80699
70259
83594
85789
97520
88443
84316
81361
77373
66202
81461
71823
86269
76731
101357
79297
94906
103432
93694
85658
73596
81821
81681
98872
87953
109172
87152
109543
139367
105115
68687
86650
99825
99524
155167
109212
94705
92902
117748
87582
107308
105235
90297
104133
106096
90878
91700
129921
95456
115664
89716
93042
109132
101067
115453
119741
127506
119581
109022
111386
125292
98743
117818
139608
155488
116325
147232
129159
142754
126694
57737
54772
50814
50924
60262
57787
70691
64699
80038
56965
69578
43891
55012
60662
49902
55633
64068
56294
54160
57457
53208
59029
64870
75380
70641
69128
76241
71703
66503
68416
68217
70931
74408
71953
69248
81511
77603
76161
75830
69058
65942
89576
77483
71802
71232
100807
78375
75078
109964
72835
71252
70972
79456
93192
85899
88564
107539
70481
64469
69619
77653
87432
72384
68927
68297
90537
97560
85128
99584
76642
76020
96328
68327
82633
64719
80720
83975
76592
75960
111626
84717
76010
79788
77122
70791
130211
73787
97610
96278
97270
126694
97440
112428
107729
92751
107189
94886
114081
114231
99614
110975
97050
104133
121084
103221
114882
105335
114312
86029
95446
108291
109773
124100
107078
106116
111486
122386
96378
124650
124951
111776
112899
138967
131322
110604
117007
121194
102420
108832
135901
139869
126224
138676
104032
129319
95767
96168
92682
106036
99664
105284
105716
114962
100376
124319
95797
102079
99644
113250
141001
104103
140901
112859
112328
130942
89095
101898
109553
90277
107398
106276
119491
105645
90588
86810
114802
111676
85788
98512
90036
120513
99374
80369
91739
91339
90908
94866
98382
89546
97550
115694
101468
98312
122807
116425
112388
91349
100927
86660
121164
115363
106396
114091
104704
96839
103321
105605
108771
125341
100045
118219
113981
108180
97691
118259
115032
105956
100366
118739
135009
111516
169874
120182
104253
109292
118720
120833
126493
104273
110865
105935
114071
98132
114111
103962
117838
110875
115925
102950
97540
111847
120623
115744
110604
121224
140380
113750
108962
113560
116025
121194
100095
122356
117236
97590
141853
114381
115613
129249
110284
114151
109653
110745
136011
132425
156269
116706
136823
111446
125752
120603
114411
135260
117317
114402
129630
117848
126403
125552
142794
125622
112829
130471
122146
120552
124039
132355
123087
124160
138416
119030
121915
134138
128077
137024
171898
115133
120393
120794
113029
127666
133506
128047
128437
117528
144347
129740
119171
144588
138426
144577
134018
148164
147263
138315
157271
153083
145118
131834
143746
117648
131813
143496
131162
132235
130311
128438
129069
140890
148414
148935
145920
143586
155237
157832
141682
130151
160928
139178
156219
147834
147553
164484
153934
155077
131172
136473
154186
156730
137655
148925
139538
136242
147593
133958
147393
140770
145759
157752
140400
168602
159555
151710
149888
158193
155327
190272
176737
154085
156650
168993
135190
170846
164094
144136
156820
168441
149677
177338
164013
188609
152793
143655
148665
154696
143145
169453
141782
143927
170966
168371
148835
165907
161098
147002
165716
170155
157882
152452
160948
141441
192486
182257
185383
158603
179212
186855
159736
166608
161509
185864
149827
147032
153333
189491
207714
142964
168621
147423
216761
188509
168711
191233
154646
158714
162431
154976
157932
160056
157722
174072
179332
164394
188749
164414
145138
192206
164344
187797
165937
174462
221299
153974
167069
163663
190502
191564
178610
159415
191544
181776
175204
158302
190863
172059
153033
164645
155718
158283
192436
167901
181185
172398
178961
189290
206743
180714
198797
178871
170255
173451
158753
195010
177118
197104
184130
178581
191604
177709
171547
204418
207584
171708
183289
193017
182838
169783
186014
182357
200931
181015
194099
174452
180624
166558
193358
186434
177098
174743
181966
222361
179653
222822
212072
183950
175845
188108
201062
177698
206412
199268
199178
209307
168261
251726
202013
184942
215037
201472
191373
211381
189320
179802
236006
211371
200380
211662
232500
170355
225747
205249
198797
203246
202615
200681
198026
199749
206462
223182
192496
185864
213816
191794
238120
192976
228142
189310
200130
200250
225727
234193
218454
194860
184672
192266
204237
234243
189621
233462
198817
232550
235165
219296
216730
242388
222000
275610
198237
206792
199769
210549
198337
210680
197294
259920
218654
265891
205130
199369
226569
222672
234374
244683
240325
213745
228563
200861
203466
210269
234914
216771
214927
223924
274157
211231
209738
215087
230166
228012
206882
234573
218524
230747
231297
232841
246085
210990
221539
258187
217842
205781
222933
243641
218645
222401
250644
220819
247066
229324
207503
226970
235115
231267
225207
210820
223583
241005
211631
291609
227300
209157
243100
231538
275800
239142
274447
249792
271031
219817
228783
271622
254390
243180
243450
223032
216640
234314
266412
250453
225547
270651
283655
249151
224014
243781
255673
228923
232219
241637
247808
243891
223133
221831
222572
228943
233432
261002
228924
214326
232480
262165
235586
220137
197876
220778
229885
255472
279868
239403
216992
209928
217873
223493
227280
242408
248349
222031
232019
253709
268676
240174
255352
254450
221179
254851
275400
229835
258067
254450
237248
283434
253348
235596
247598
227431
244883
268256
259851
232440
221239
224605
254010
247378
269999
291188
241547
231579
295847
252107
229895
272484
251315
258478
278846
271281
272033
292250
219997
248830
255733
245745
249200
237540
270750
253990
234103
300686
238381
323177
391113
276491
258758
240785
247939
239753
238762
261934
252597
273426
275600
287792
272955
233602
275038
250243
283594
303391
240765
299264
263798
244993
298161
321665
247908
306467
292672
308170
262656
261142
272293
304393
322647
269838
309883
257426
252156
295377
313079
235866
285348
269659
271882
314822
279938
255923
280649
257316
273246
276581
279707
288774
269308
299203
274839
264629
279827
275148
271562
283644
252938
258378
280638
256895
314431
247838
323468
242909
257035
267444
248860
281691
258518
276261
269589
292431
246045
302740
294244
271723
273846
277524
274677
315423
267485
288984
296849
284817
268797
292842
295857
378530
263607
