(70)-Nome: PDF
(1)-Nome: Caribe
(12)-Nome: Knight of Ni
(8)-Nome: Genivaldo
(99)-Nome: Florzinha
(72)-Nome: Genivaldo
(5)-Nome: Caribe
(15)-Nome: Vinicus
(20)-Nome: Tatiane
(91)-Nome: Jose
(14)-Nome: Tadeu
(61)-Nome: Ivanderlei
(66)-Nome: Aline
(41)-Nome: Luciana
(81)-Nome: Florzinha
(88)-Nome: Caribe
(16)-Nome: Flavio
(21)-Nome: Maicon
(34)-Nome: Ana Luiza
(90)-Nome: Caribe
(70)-Nome: PDF
(1)-Nome: Caribe
(12)-Nome: Knight of Ni
(8)-Nome: Genivaldo
(99)-Nome: Florzinha
(72)-Nome: Genivaldo
(5)-Nome: Caribe
(15)-Nome: Vinicus
(20)-Nome: Tatiane
(91)-Nome: Jose
(14)-Nome: Tadeu
(61)-Nome: Ivanderlei
(66)-Nome: Aline
(41)-Nome: Luciana
(81)-Nome: Florzinha
(88)-Nome: Caribe
(16)-Nome: Flavio
(21)-Nome: Maicon
(34)-Nome: Ana Luiza
(90)-Nome: Caribe
(70)-Nome: PDF
(1)-Nome: Caribe
(12)-Nome: Knight of Ni
(8)-Nome: Genivaldo
(99)-Nome: Florzinha
(72)-Nome: Genivaldo
(5)-Nome: Caribe
(15)-Nome: Vinicus
(20)-Nome: Tatiane
[31;10m9(14)-Nome: Tadeu
(61)-Nome: Ivanderlei
(66)-Nome: Aline
(41)-Nome: Luciana
(81)-Nome: Florzinha
(88)-Nome: Caribe
(16)-Nome: Flavio
(21)-Nome: Maicon
(34)-Nome: Ana Luiza
(90)-Nome: Caribe
(70)-Nome: PDF
(1)-Nome: Caribe
(12)-Nome: Knight of Ni
(8)-Nome: Genivaldo
(99)-Nome: Florzinha
(72)-Nome: Genivaldo
(5)-Nome: Caribe
(15)-Nome: Vinicus
[31;10m8(91)-Nome: Jose
(14)-Nome: Tadeu
(61)-Nome: Ivanderlei
(66)-Nome: Aline
(41)-Nome: Luciana
(81)-Nome: Florzinha
(88)-Nome: Caribe
(16)-Nome: Flavio
(21)-Nome: Maicon
(34)-Nome: Ana Luiza
(90)-Nome: Caribe
(70)-Nome: PDF
(1)-Nome: Caribe
(12)-Nome: Knight of Ni
(8)-Nome: Genivaldo
(99)-Nome: Florzinha
(72)-Nome: Genivaldo
(5)-Nome: Caribe
[31;10m7(34)-Nome: Ana Luiza
(91)-Nome: Jose
(14)-Nome: Tadeu
(61)-Nome: Ivanderlei
(66)-Nome: Aline
(41)-Nome: Luciana
(81)-Nome: Florzinha
(88)-Nome: Caribe
(16)-Nome: Flavio
(21)-Nome: Maicon
(20)-Nome: Tatiane
(90)-Nome: Caribe
(70)-Nome: PDF
(1)-Nome: Caribe
(12)-Nome: Knight of Ni
(8)-Nome: Genivaldo
(99)-Nome: Florzinha
(72)-Nome: Genivaldo
[31;10m6(88)-Nome: Caribe
(34)-Nome: Ana Luiza
(91)-Nome: Jose
(14)-Nome: Tadeu
(61)-Nome: Ivanderlei
(66)-Nome: Aline
(41)-Nome: Luciana
(81)-Nome: Florzinha
(15)-Nome: Vinicus
(16)-Nome: Flavio
(21)-Nome: Maicon
(20)-Nome: Tatiane
(90)-Nome: Caribe
(70)-Nome: PDF
(1)-Nome: Caribe
(12)-Nome: Knight of Ni
(8)-Nome: Genivaldo
(99)-Nome: Florzinha
[31;10m5(81)-Nome: Florzinha
(88)-Nome: Caribe
(34)-Nome: Ana Luiza
(91)-Nome: Jose
(14)-Nome: Tadeu
(61)-Nome: Ivanderlei
(66)-Nome: Aline
(41)-Nome: Luciana
(5)-Nome: Caribe
(15)-Nome: Vinicus
(16)-Nome: Flavio
(21)-Nome: Maicon
(20)-Nome: Tatiane
(90)-Nome: Caribe
(70)-Nome: PDF
(1)-Nome: Caribe
(12)-Nome: Knight of Ni
(8)-Nome: Genivaldo
[31;10m4(72)-Nome: Genivaldo
(81)-Nome: Florzinha
(88)-Nome: Caribe
(34)-Nome: Ana Luiza
(91)-Nome: Jose
(14)-Nome: Tadeu
(61)-Nome: Ivanderlei
(66)-Nome: Aline
(41)-Nome: Luciana
(5)-Nome: Caribe
(15)-Nome: Vinicus
(16)-Nome: Flavio
(21)-Nome: Maicon
(20)-Nome: Tatiane
(90)-Nome: Caribe
(70)-Nome: PDF
(1)-Nome: Caribe
(12)-Nome: Knight of Ni
[31;10m3(99)-Nome: Florzinha
(72)-Nome: Genivaldo
(81)-Nome: Florzinha
(88)-Nome: Caribe
(34)-Nome: Ana Luiza
(91)-Nome: Jose
(14)-Nome: Tadeu
(61)-Nome: Ivanderlei
(66)-Nome: Aline
(41)-Nome: Luciana
(5)-Nome: Caribe
(15)-Nome: Vinicus
(16)-Nome: Flavio
(21)-Nome: Maicon
(20)-Nome: Tatiane
(90)-Nome: Caribe
(70)-Nome: PDF
(1)-Nome: Caribe
[31;10m2(88)-Nome: Caribe
(99)-Nome: Florzinha
(72)-Nome: Genivaldo
(81)-Nome: Florzinha
(16)-Nome: Flavio
(34)-Nome: Ana Luiza
(91)-Nome: Jose
(14)-Nome: Tadeu
(61)-Nome: Ivanderlei
(66)-Nome: Aline
(41)-Nome: Luciana
(5)-Nome: Caribe
(15)-Nome: Vinicus
(8)-Nome: Genivaldo
(21)-Nome: Maicon
(20)-Nome: Tatiane
(90)-Nome: Caribe
(70)-Nome: PDF
[31;10m1(81)-Nome: Florzinha
(88)-Nome: Caribe
(99)-Nome: Florzinha
(72)-Nome: Genivaldo
(41)-Nome: Luciana
(16)-Nome: Flavio
(34)-Nome: Ana Luiza
(91)-Nome: Jose
(14)-Nome: Tadeu
(61)-Nome: Ivanderlei
(66)-Nome: Aline
(12)-Nome: Knight of Ni
(5)-Nome: Caribe
(15)-Nome: Vinicus
(8)-Nome: Genivaldo
(21)-Nome: Maicon
(20)-Nome: Tatiane
(90)-Nome: Caribe
[31;10m0(99)-Nome: Florzinha
(81)-Nome: Florzinha
(88)-Nome: Caribe
(91)-Nome: Jose
(72)-Nome: Genivaldo
(41)-Nome: Luciana
(16)-Nome: Flavio
(34)-Nome: Ana Luiza
(90)-Nome: Caribe
(14)-Nome: Tadeu
(61)-Nome: Ivanderlei
(66)-Nome: Aline
(12)-Nome: Knight of Ni
(5)-Nome: Caribe
(15)-Nome: Vinicus
(8)-Nome: Genivaldo
(21)-Nome: Maicon
(20)-Nome: Tatiane
(1)-Nome: Caribe
1092770
(0)-Nome: 
(1)-Nome: Caribe
(5)-Nome: Caribe
(8)-Nome: Genivaldo
(12)-Nome: Knight of Ni
(14)-Nome: Tadeu
(15)-Nome: Vinicus
(16)-Nome: Flavio
(20)-Nome: Tatiane
(21)-Nome: Maicon
(34)-Nome: Ana Luiza
(41)-Nome: Luciana
(61)-Nome: Ivanderlei
(66)-Nome: Aline
(70)-Nome: PDF
(72)-Nome: Genivaldo
(81)-Nome: Florzinha
(88)-Nome: Caribe
(90)-Nome: Caribe
(91)-Nome: Jose
